This file contains any messages produced by compilers while
running configure, to aid debugging if configure makes a mistake.

It was created by GRUB configure 0.97, which was
generated by GNU Autoconf 2.59.  Invocation command line was

  $ ./configure --prefix=/ --libdir=/lib64

## --------- ##
## Platform. ##
## --------- ##

hostname = (none)
uname -m = x86_64
uname -r = 3.10.2-rc2-grsec+
uname -s = Linux
uname -v = #2 SMP PREEMPT Mon Jul 22 11:12:11 SGT 2013

/usr/bin/uname -p = unknown
/bin/uname -X     = unknown

/bin/arch              = x86_64
/usr/bin/arch -k       = x86_64
/usr/convex/getsysinfo = unknown
hostinfo               = unknown
/bin/machine           = unknown
/usr/bin/oslevel       = unknown
/bin/universe          = unknown

PATH: /local/bin
PATH: /bin


## ----------- ##
## Core tests. ##
## ----------- ##

configure:1434: checking for a BSD-compatible install
configure:1489: result: /bin/install -c
configure:1500: checking whether build environment is sane
configure:1543: result: yes
configure:1608: checking for gawk
configure:1624: found /bin/gawk
configure:1634: result: gawk
configure:1644: checking whether make sets $(MAKE)
configure:1664: result: yes
configure:1839: checking build system type
configure:1857: result: x86_64-unknown-linux-gnu
configure:1865: checking host system type
configure:1879: result: x86_64-unknown-linux-gnu
configure:1903: checking whether to enable maintainer-specific portions of Makefiles
configure:1912: result: no
configure:2028: checking for gcc
configure:2044: found /bin/gcc
configure:2054: result: gcc
configure:2112: checking for gcc
configure:2138: result: gcc
configure:2382: checking for C compiler version
configure:2385: gcc --version </dev/null >&5
gcc (GCC) 4.6.0
Copyright (C) 2011 Free Software Foundation, Inc.
This is free software; see the source for copying conditions.  There is NO
warranty; not even for MERCHANTABILITY or FITNESS FOR A PARTICULAR PURPOSE.

configure:2388: $? = 0
configure:2390: gcc -v </dev/null >&5
Using built-in specs.
COLLECT_GCC=gcc
COLLECT_LTO_WRAPPER=/lib/gcc/gcc/x86_64-unknown-linux-gnu/4.6.0/lto-wrapper
Target: x86_64-unknown-linux-gnu
Configured with: ../gcc-4.6.0/configure --prefix= --enable-clocale=gnu --disable-multilib --enable-shared --enable-languages=c,c++,objc,obj-c++,fortran --enable-__cxa_atexit --enable-c99 --enable-long-long --enable-threads=posix --enable-cloop-backend=isl --libexecdir=/lib/gcc --disable-sjlj-exceptions
Thread model: posix
gcc version 4.6.0 (GCC) 
configure:2393: $? = 0
configure:2395: gcc -V </dev/null >&5
gcc: error: unrecognized option '-V'
gcc: fatal error: no input files
compilation terminated.
configure:2398: $? = 1
configure:2421: checking for C compiler default output file name
configure:2424: gcc -m32    conftest.c  >&5
/bin/ld: skipping incompatible /lib/gcc/x86_64-unknown-linux-gnu/4.6.0/libgcc.a when searching for -lgcc
/bin/ld: cannot find -lgcc
/bin/ld: skipping incompatible /lib/gcc/x86_64-unknown-linux-gnu/4.6.0/../../../../lib/libgcc_s.so when searching for -lgcc_s
/bin/ld: skipping incompatible /lib/../lib/libgcc_s.so when searching for -lgcc_s
/bin/ld: skipping incompatible /usr/lib/../lib/libgcc_s.so when searching for -lgcc_s
/bin/ld: skipping incompatible /lib/gcc/x86_64-unknown-linux-gnu/4.6.0/../../../libgcc_s.so when searching for -lgcc_s
/bin/ld: skipping incompatible /lib/libgcc_s.so when searching for -lgcc_s
/bin/ld: skipping incompatible /usr/lib/libgcc_s.so when searching for -lgcc_s
/bin/ld: cannot find -lgcc_s
/bin/ld: skipping incompatible /lib/gcc/x86_64-unknown-linux-gnu/4.6.0/../../../../lib/libc.so when searching for -lc
/bin/ld: skipping incompatible /lib/../lib/libc.so when searching for -lc
/bin/ld: skipping incompatible /usr/lib/../lib/libc.so when searching for -lc
/bin/ld: skipping incompatible /lib/gcc/x86_64-unknown-linux-gnu/4.6.0/../../../libc.so when searching for -lc
/bin/ld: skipping incompatible /lib/libc.so when searching for -lc
/bin/ld: skipping incompatible /usr/lib/libc.so when searching for -lc
/bin/ld: cannot find -lc
/bin/ld: skipping incompatible /lib/gcc/x86_64-unknown-linux-gnu/4.6.0/libgcc.a when searching for -lgcc
/bin/ld: cannot find -lgcc
/bin/ld: skipping incompatible /lib/gcc/x86_64-unknown-linux-gnu/4.6.0/../../../../lib/libgcc_s.so when searching for -lgcc_s
/bin/ld: skipping incompatible /lib/../lib/libgcc_s.so when searching for -lgcc_s
/bin/ld: skipping incompatible /usr/lib/../lib/libgcc_s.so when searching for -lgcc_s
/bin/ld: skipping incompatible /lib/gcc/x86_64-unknown-linux-gnu/4.6.0/../../../libgcc_s.so when searching for -lgcc_s
/bin/ld: skipping incompatible /lib/libgcc_s.so when searching for -lgcc_s
/bin/ld: skipping incompatible /usr/lib/libgcc_s.so when searching for -lgcc_s
/bin/ld: cannot find -lgcc_s
collect2: ld returned 1 exit status
configure:2427: $? = 1
configure: failed program was:
| /* confdefs.h.  */
| 
| #define PACKAGE_NAME "GRUB"
| #define PACKAGE_TARNAME "grub"
| #define PACKAGE_VERSION "0.97"
| #define PACKAGE_STRING "GRUB 0.97"
| #define PACKAGE_BUGREPORT "bug-grub@gnu.org"
| #define PACKAGE "grub"
| #define VERSION "0.97"
| /* end confdefs.h.  */
| 
| int
| main ()
| {
| 
|   ;
|   return 0;
| }
configure:2466: error: C compiler cannot create executables
See `config.log' for more details.

## ---------------- ##
## Cache variables. ##
## ---------------- ##

ac_cv_build=x86_64-unknown-linux-gnu
ac_cv_build_alias=x86_64-unknown-linux-gnu
ac_cv_env_CC_set=
ac_cv_env_CC_value=
ac_cv_env_CFLAGS_set=
ac_cv_env_CFLAGS_value=
ac_cv_env_CPPFLAGS_set=
ac_cv_env_CPPFLAGS_value=
ac_cv_env_CPP_set=
ac_cv_env_CPP_value=
ac_cv_env_LDFLAGS_set=
ac_cv_env_LDFLAGS_value=
ac_cv_env_build_alias_set=
ac_cv_env_build_alias_value=
ac_cv_env_host_alias_set=
ac_cv_env_host_alias_value=
ac_cv_env_target_alias_set=
ac_cv_env_target_alias_value=
ac_cv_host=x86_64-unknown-linux-gnu
ac_cv_host_alias=x86_64-unknown-linux-gnu
ac_cv_path_install='/bin/install -c'
ac_cv_prog_AWK=gawk
ac_cv_prog_ac_ct_CC=gcc
ac_cv_prog_make_make_set=yes

## ----------------- ##
## Output variables. ##
## ----------------- ##

ACLOCAL='${SHELL} /home/rogelio/grub-0.97/missing --run aclocal-1.9'
AMDEPBACKSLASH=''
AMDEP_FALSE=''
AMDEP_TRUE=''
AMTAR='${SHELL} /home/rogelio/grub-0.97/missing --run tar'
AUTOCONF='${SHELL} /home/rogelio/grub-0.97/missing --run autoconf'
AUTOHEADER='${SHELL} /home/rogelio/grub-0.97/missing --run autoheader'
AUTOMAKE='${SHELL} /home/rogelio/grub-0.97/missing --run automake-1.9'
AWK='gawk'
BUILD_EXAMPLE_KERNEL_FALSE=''
BUILD_EXAMPLE_KERNEL_TRUE=''
CC='gcc'
CCAS=''
CCASFLAGS=''
CCDEPMODE=''
CFLAGS='-m32 '
CPP=''
CPPFLAGS=''
CYGPATH_W='echo'
DEFS=''
DEPDIR=''
DISKLESS_SUPPORT_FALSE=''
DISKLESS_SUPPORT_TRUE=''
ECHO_C=''
ECHO_N='-n'
ECHO_T=''
EGREP=''
EXEEXT=''
FSYS_CFLAGS=''
GRUB_CFLAGS=''
GRUB_LIBS=''
HERCULES_SUPPORT_FALSE=''
HERCULES_SUPPORT_TRUE=''
INSTALL_DATA='${INSTALL} -m 644'
INSTALL_PROGRAM='${INSTALL}'
INSTALL_SCRIPT='${INSTALL}'
INSTALL_STRIP_PROGRAM='${SHELL} $(install_sh) -c -s'
LDFLAGS=''
LIBOBJS=''
LIBS=''
LTLIBOBJS=''
MAINT='#'
MAINTAINER_MODE_FALSE=''
MAINTAINER_MODE_TRUE='#'
MAKEINFO='${SHELL} /home/rogelio/grub-0.97/missing --run makeinfo'
NETBOOT_DRIVERS=''
NETBOOT_SUPPORT_FALSE=''
NETBOOT_SUPPORT_TRUE=''
NET_CFLAGS=''
NET_EXTRAFLAGS=''
OBJCOPY=''
OBJEXT=''
PACKAGE='grub'
PACKAGE_BUGREPORT='bug-grub@gnu.org'
PACKAGE_NAME='GRUB'
PACKAGE_STRING='GRUB 0.97'
PACKAGE_TARNAME='grub'
PACKAGE_VERSION='0.97'
PATH_SEPARATOR=':'
PERL=''
RANLIB=''
SERIAL_SPEED_SIMULATION_FALSE=''
SERIAL_SPEED_SIMULATION_TRUE=''
SERIAL_SUPPORT_FALSE=''
SERIAL_SUPPORT_TRUE=''
SET_MAKE=''
SHELL='/bin/sh'
STAGE1_CFLAGS=''
STAGE2_CFLAGS=''
STRIP=''
VERSION='0.97'
ac_ct_CC='gcc'
ac_ct_OBJCOPY=''
ac_ct_RANLIB=''
ac_ct_STRIP=''
am__fastdepCC_FALSE=''
am__fastdepCC_TRUE=''
am__include=''
am__leading_dot='.'
am__quote=''
am__tar='${AMTAR} chof - "$$tardir"'
am__untar='${AMTAR} xf -'
bindir='${exec_prefix}/bin'
build='x86_64-unknown-linux-gnu'
build_alias=''
build_cpu='x86_64'
build_os='linux-gnu'
build_vendor='unknown'
datadir='${prefix}/share'
exec_prefix='NONE'
host='x86_64-unknown-linux-gnu'
host_alias=''
host_cpu='x86_64'
host_os='linux-gnu'
host_vendor='unknown'
includedir='${prefix}/include'
infodir='${prefix}/info'
install_sh='/home/rogelio/grub-0.97/install-sh'
libdir='/lib64'
libexecdir='${exec_prefix}/libexec'
localstatedir='${prefix}/var'
mandir='${prefix}/man'
mkdir_p='mkdir -p --'
oldincludedir='/usr/include'
prefix='/'
program_transform_name='s,x,x,'
sbindir='${exec_prefix}/sbin'
sharedstatedir='${prefix}/com'
sysconfdir='${prefix}/etc'
target_alias=''

## ----------- ##
## confdefs.h. ##
## ----------- ##

#define PACKAGE "grub"
#define PACKAGE_BUGREPORT "bug-grub@gnu.org"
#define PACKAGE_NAME "GRUB"
#define PACKAGE_STRING "GRUB 0.97"
#define PACKAGE_TARNAME "grub"
#define PACKAGE_VERSION "0.97"
#define VERSION "0.97"

configure: exit 77
